Arguments: 
  /Users/jestersunborn/.nvm/versions/node/v8.5.0/bin/node /usr/local/bin/yarn

PATH: 
  /Users/jestersunborn/.nvm/versions/node/v8.5.0/bin:/usr/local/bin:/usr/bin:/bin:/usr/sbin:/sbin:/opt/X11/bin

Yarn version: 
  1.7.0

Node version: 
  8.5.0

Platform: 
  darwin x64

Trace: 
  SyntaxError: /Users/jestersunborn/Playground/heder_menu/package.json: Unexpected token } in JSON at position 1267
      at JSON.parse (<anonymous>)
      at /usr/local/lib/node_modules/yarn/lib/cli.js:1130:59
      at Generator.next (<anonymous>)
      at step (/usr/local/lib/node_modules/yarn/lib/cli.js:98:30)
      at /usr/local/lib/node_modules/yarn/lib/cli.js:109:13
      at <anonymous>

npm manifest: 
  {
    "name": "webpack-bootstrap",
    "version": "1.0.0",
    "description": "Webpack",
    "main": "src/js/app.js",
    "scripts": {
      "build": "webpack --mode=development",
      "production": "webpack --mode=production",
      "watch": "webpack --mode=development --watch",
      "start": "webpack-dev-server --open --mode=development",
      "clear": "del-cli dist"
    },
    "keywords": [],
    "author": "Serozhka",
    "license": "MIT",
    "devDependencies": {
      "clean-webpack-plugin": "^0.1.19",
      "copy-webpack-plugin": "^4.5.2",
      "css-loader": "1.0.0",
      "del-cli": "^1.1.0",
      "file-loader": "1.1.11",
      "hoek": "^4.2.1",
      "imagemin": "^5.3.1",
      "imagemin-gifsicle": "^5.2.0",
      "imagemin-mozjpeg": "^7.0.0",
      "imagemin-pngquant": "^6.0.0git add README.md",
      "imagemin-svgo": "^6.0.0",
      "imagemin-webpack-plugin": "^2.3.0",
      "img-loader": "^3.0.0",
      "mini-css-extract-plugin": "^0.4.1",
      "node-sass": "4.9.4",
      "optimize-css-assets-webpack-plugin": "^4.0.3",
      "sass-loader": "7.1.0",
      "svg-url-loader": "^2.3.2",
      "webpack": "4.22.0",
      "webpack-cli": "^3.0.8",
      "webpack-dev-server": "^3.1.4"
    },
    "dependencies": {
      "bootstrap": "^4.1.1",
      "jquery": "^3.3.1",
      "path": "0.12.7",
      "popper.js": "^1.14.3",
    }
  }

yarn manifest: 
  No manifest

Lockfile: 
  No lockfile
